# JRE version: Java(TM) SE Runtime Environment (8.0_40-b27) (build 1.8.0_40-b27)
# Java VM: Java HotSpot(TM) 64-Bit Server VM (25.40-b25 mixed mode bsd-amd64 compressed oops)
Heap:
 PSYoungGen      total 898048K, used 107063K [0x000000076ab00000, 0x00000007b0080000, 0x00000007c0000000)
  eden space 869888K, 12% used [0x000000076ab00000,0x000000077138dc00,0x000000079fc80000)
  from space 28160K, 0% used [0x000000079fc80000,0x000000079fc80000,0x00000007a1800000)
  to   space 32256K, 0% used [0x00000007ae100000,0x00000007ae100000,0x00000007b0080000)
 ParOldGen       total 206336K, used 39763K [0x00000006c0000000, 0x00000006cc980000, 0x000000076ab00000)
  object space 206336K, 19% used [0x00000006c0000000,0x00000006c26d4fe8,0x00000006cc980000)
 Metaspace       used 63119K, capacity 64002K, committed 64256K, reserved 1105920K
  class space    used 8232K, capacity 8391K, committed 8448K, reserved 1048576K
GC Heap History (10 events):
Event: 7.547 GC heap before
{Heap before GC invocations=8 (full 1):
 PSYoungGen      total 545280K, used 271020K [0x000000076ab00000, 0x000000078d700000, 0x00000007c0000000)
  eden space 524288K, 51% used [0x000000076ab00000,0x000000077b3ab0c8,0x000000078ab00000)
  from space 20992K, 0% used [0x000000078c280000,0x000000078c280000,0x000000078d700000)
  to   space 22528K, 0% used [0x000000078ab00000,0x000000078ab00000,0x000000078c100000)
 ParOldGen       total 106496K, used 11928K [0x00000006c0000000, 0x00000006c6800000, 0x000000076ab00000)
  object space 106496K, 11% used [0x00000006c0000000,0x00000006c0ba6028,0x00000006c6800000)
 Metaspace       used 35029K, capacity 35278K, committed 35496K, reserved 1081344K
  class space    used 4520K, capacity 4606K, committed 4608K, reserved 1048576K
Event: 7.559 GC heap after
Heap after GC invocations=8 (full 1):
 PSYoungGen      total 546816K, used 15766K [0x000000076ab00000, 0x00000007a3380000, 0x00000007c0000000)
  eden space 524288K, 0% used [0x000000076ab00000,0x000000076ab00000,0x000000078ab00000)
  from space 22528K, 69% used [0x000000078ab00000,0x000000078ba65a80,0x000000078c100000)
  to   space 23040K, 0% used [0x00000007a1d00000,0x00000007a1d00000,0x00000007a3380000)
 ParOldGen       total 106496K, used 11936K [0x00000006c0000000, 0x00000006c6800000, 0x000000076ab00000)
  object space 106496K, 11% used [0x00000006c0000000,0x00000006c0ba8028,0x00000006c6800000)
 Metaspace       used 35029K, capacity 35278K, committed 35496K, reserved 1081344K
  class space    used 4520K, capacity 4606K, committed 4608K, reserved 1048576K
}
Event: 7.559 GC heap before
{Heap before GC invocations=9 (full 2):
 PSYoungGen      total 546816K, used 15766K [0x000000076ab00000, 0x00000007a3380000, 0x00000007c0000000)
  eden space 524288K, 0% used [0x000000076ab00000,0x000000076ab00000,0x000000078ab00000)
  from space 22528K, 69% used [0x000000078ab00000,0x000000078ba65a80,0x000000078c100000)
  to   space 23040K, 0% used [0x00000007a1d00000,0x00000007a1d00000,0x00000007a3380000)
 ParOldGen       total 106496K, used 11936K [0x00000006c0000000, 0x00000006c6800000, 0x000000076ab00000)
  object space 106496K, 11% used [0x00000006c0000000,0x00000006c0ba8028,0x00000006c6800000)
 Metaspace       used 35029K, capacity 35278K, committed 35496K, reserved 1081344K
  class space    used 4520K, capacity 4606K, committed 4608K, reserved 1048576K
Event: 7.599 GC heap after
Heap after GC invocations=9 (full 2):
 PSYoungGen      total 546816K, used 0K [0x000000076ab00000, 0x00000007a3380000, 0x00000007c0000000)
  eden space 524288K, 0% used [0x000000076ab00000,0x000000076ab00000,0x000000078ab00000)
  from space 22528K, 0% used [0x000000078ab00000,0x000000078ab00000,0x000000078c100000)
  to   space 23040K, 0% used [0x00000007a1d00000,0x00000007a1d00000,0x00000007a3380000)
 ParOldGen       total 152576K, used 23612K [0x00000006c0000000, 0x00000006c9500000, 0x000000076ab00000)
  object space 152576K, 15% used [0x00000006c0000000,0x00000006c170f148,0x00000006c9500000)
 Metaspace       used 35029K, capacity 35278K, committed 35496K, reserved 1081344K
  class space    used 4520K, capacity 4606K, committed 4608K, reserved 1048576K
}
Event: 12.185 GC heap before
{Heap before GC invocations=10 (full 2):
 PSYoungGen      total 546816K, used 524288K [0x000000076ab00000, 0x00000007a3380000, 0x00000007c0000000)
  eden space 524288K, 100% used [0x000000076ab00000,0x000000078ab00000,0x000000078ab00000)
  from space 22528K, 0% used [0x000000078ab00000,0x000000078ab00000,0x000000078c100000)
  to   space 23040K, 0% used [0x00000007a1d00000,0x00000007a1d00000,0x00000007a3380000)
 ParOldGen       total 152576K, used 23612K [0x00000006c0000000, 0x00000006c9500000, 0x000000076ab00000)
  object space 152576K, 15% used [0x00000006c0000000,0x00000006c170f148,0x00000006c9500000)
 Metaspace       used 49823K, capacity 50338K, committed 50688K, reserved 1093632K
  class space    used 6515K, capacity 6635K, committed 6656K, reserved 1048576K
Event: 12.220 GC heap after
Heap after GC invocations=10 (full 2):
 PSYoungGen      total 837632K, used 23027K [0x000000076ab00000, 0x00000007a3380000, 0x00000007c0000000)
  eden space 814592K, 0% used [0x000000076ab00000,0x000000076ab00000,0x000000079c680000)
  from space 23040K, 99% used [0x00000007a1d00000,0x00000007a337ccf0,0x00000007a3380000)
  to   space 28160K, 0% used [0x000000079fc80000,0x000000079fc80000,0x00000007a1800000)
 ParOldGen       total 152576K, used 28216K [0x00000006c0000000, 0x00000006c9500000, 0x000000076ab00000)
  object space 152576K, 18% used [0x00000006c0000000,0x00000006c1b8e0b0,0x00000006c9500000)
 Metaspace       used 49823K, capacity 50338K, committed 50688K, reserved 1093632K
  class space    used 6515K, capacity 6635K, committed 6656K, reserved 1048576K
}
Event: 15.210 GC heap before
{Heap before GC invocations=11 (full 2):
 PSYoungGen      total 837632K, used 509379K [0x000000076ab00000, 0x00000007a3380000, 0x00000007c0000000)
  eden space 814592K, 59% used [0x000000076ab00000,0x00000007885f4148,0x000000079c680000)
  from space 23040K, 99% used [0x00000007a1d00000,0x00000007a337ccf0,0x00000007a3380000)
  to   space 28160K, 0% used [0x000000079fc80000,0x000000079fc80000,0x00000007a1800000)
 ParOldGen       total 152576K, used 28216K [0x00000006c0000000, 0x00000006c9500000, 0x000000076ab00000)
  object space 152576K, 18% used [0x00000006c0000000,0x00000006c1b8e0b0,0x00000006c9500000)
 Metaspace       used 58262K, capacity 59098K, committed 59160K, reserved 1101824K
  class space    used 7644K, capacity 7793K, committed 7808K, reserved 1048576K
Event: 15.235 GC heap after
Heap after GC invocations=11 (full 2):
 PSYoungGen      total 898048K, used 28149K [0x000000076ab00000, 0x00000007b0080000, 0x00000007c0000000)
  eden space 869888K, 0% used [0x000000076ab00000,0x000000076ab00000,0x000000079fc80000)
  from space 28160K, 99% used [0x000000079fc80000,0x00000007a17fd610,0x00000007a1800000)
  to   space 32256K, 0% used [0x00000007ae100000,0x00000007ae100000,0x00000007b0080000)
 ParOldGen       total 152576K, used 29025K [0x00000006c0000000, 0x00000006c9500000, 0x000000076ab00000)
  object space 152576K, 19% used [0x00000006c0000000,0x00000006c1c587c0,0x00000006c9500000)
 Metaspace       used 58262K, capacity 59098K, committed 59160K, reserved 1101824K
  class space    used 7644K, capacity 7793K, committed 7808K, reserved 1048576K
}
Event: 15.235 GC heap before
{Heap before GC invocations=12 (full 3):
 PSYoungGen      total 898048K, used 28149K [0x000000076ab00000, 0x00000007b0080000, 0x00000007c0000000)
  eden space 869888K, 0% used [0x000000076ab00000,0x000000076ab00000,0x000000079fc80000)
  from space 28160K, 99% used [0x000000079fc80000,0x00000007a17fd610,0x00000007a1800000)
  to   space 32256K, 0% used [0x00000007ae100000,0x00000007ae100000,0x00000007b0080000)
 ParOldGen       total 152576K, used 29025K [0x00000006c0000000, 0x00000006c9500000, 0x000000076ab00000)
  object space 152576K, 19% used [0x00000006c0000000,0x00000006c1c587c0,0x00000006c9500000)
 Metaspace       used 58262K, capacity 59098K, committed 59160K, reserved 1101824K
  class space    used 7644K, capacity 7793K, committed 7808K, reserved 1048576K
Event: 15.379 GC heap after
Heap after GC invocations=12 (full 3):
 PSYoungGen      total 898048K, used 0K [0x000000076ab00000, 0x00000007b0080000, 0x00000007c0000000)
  eden space 869888K, 0% used [0x000000076ab00000,0x000000076ab00000,0x000000079fc80000)
  from space 28160K, 0% used [0x000000079fc80000,0x000000079fc80000,0x00000007a1800000)
  to   space 32256K, 0% used [0x00000007ae100000,0x00000007ae100000,0x00000007b0080000)
 ParOldGen       total 206336K, used 39763K [0x00000006c0000000, 0x00000006cc980000, 0x000000076ab00000)
  object space 206336K, 19% used [0x00000006c0000000,0x00000006c26d4fe8,0x00000006cc980000)
 Metaspace       used 58262K, capacity 59098K, committed 59160K, reserved 1101824K
  class space    used 7644K, capacity 7793K, committed 7808K, reserved 1048576K
}

